<?xml version="1.0" encoding="UTF-8"?>
<coverage generated="1732642383375" clover="3.2.0">
  <project timestamp="1732642383375" name="All files">
    <metrics statements="34" coveredstatements="32" conditionals="12" coveredconditionals="10" methods="11" coveredmethods="11" elements="57" coveredelements="53" complexity="0" loc="34" ncloc="34" packages="1" files="1" classes="1"/>
    <file name="UserProfile.jsx" path="/Users/kantapatsangjan/Downloads/hlab-frontend/src/UserProfile.jsx">
      <metrics statements="34" coveredstatements="32" conditionals="12" coveredconditionals="10" methods="11" coveredmethods="11"/>
      <line num="5" count="1" type="stmt"/>
      <line num="6" count="7" type="stmt"/>
      <line num="9" count="1" type="stmt"/>
      <line num="10" count="22" type="stmt"/>
      <line num="11" count="22" type="stmt"/>
      <line num="12" count="22" type="stmt"/>
      <line num="13" count="22" type="stmt"/>
      <line num="14" count="22" type="stmt"/>
      <line num="16" count="22" type="stmt"/>
      <line num="17" count="4" type="stmt"/>
      <line num="18" count="4" type="stmt"/>
      <line num="25" count="0" type="stmt"/>
      <line num="29" count="22" type="stmt"/>
      <line num="30" count="11" type="stmt"/>
      <line num="31" count="7" type="stmt"/>
      <line num="32" count="7" type="stmt"/>
      <line num="34" count="11" type="stmt"/>
      <line num="37" count="22" type="stmt"/>
      <line num="38" count="4" type="stmt"/>
      <line num="41" count="22" type="stmt"/>
      <line num="42" count="11" type="stmt"/>
      <line num="45" count="22" type="stmt"/>
      <line num="46" count="4" type="stmt"/>
      <line num="47" count="4" type="stmt"/>
      <line num="48" count="4" type="stmt"/>
      <line num="49" count="3" type="cond" truecount="1" falsecount="1"/>
      <line num="50" count="0" type="stmt"/>
      <line num="52" count="3" type="stmt"/>
      <line num="53" count="3" type="stmt"/>
      <line num="55" count="1" type="stmt"/>
      <line num="58" count="4" type="stmt"/>
      <line num="61" count="22" type="stmt"/>
      <line num="80" count="3" type="stmt"/>
      <line num="81" count="3" type="cond" truecount="1" falsecount="1"/>
    </file>
  </project>
</coverage>
