{"/Users/kantapatsangjan/Downloads/hlab-frontend/src/UserProfile.jsx": {"path":"/Users/kantapatsangjan/Downloads/hlab-frontend/src/UserProfile.jsx","statementMap":{"0":{"start":{"line":5,"column":33},"end":{"line":7,"column":1}},"1":{"start":{"line":6,"column":2},"end":{"line":6,"column":42}},"2":{"start":{"line":9,"column":20},"end":{"line":98,"column":1}},"3":{"start":{"line":10,"column":26},"end":{"line":10,"column":40}},"4":{"start":{"line":11,"column":28},"end":{"line":11,"column":40}},"5":{"start":{"line":12,"column":26},"end":{"line":12,"column":38}},"6":{"start":{"line":13,"column":38},"end":{"line":13,"column":49}},"7":{"start":{"line":14,"column":34},"end":{"line":14,"column":45}},"8":{"start":{"line":16,"column":25},"end":{"line":27,"column":8}},"9":{"start":{"line":17,"column":4},"end":{"line":26,"column":5}},"10":{"start":{"line":18,"column":6},"end":{"line":23,"column":9}},"11":{"start":{"line":25,"column":6},"end":{"line":25,"column":57}},"12":{"start":{"line":29,"column":30},"end":{"line":35,"column":22}},"13":{"start":{"line":30,"column":18},"end":{"line":33,"column":9}},"14":{"start":{"line":31,"column":30},"end":{"line":31,"column":76}},"15":{"start":{"line":32,"column":6},"end":{"line":32,"column":35}},"16":{"start":{"line":34,"column":4},"end":{"line":34,"column":25}},"17":{"start":{"line":37,"column":2},"end":{"line":39,"column":23}},"18":{"start":{"line":38,"column":4},"end":{"line":38,"column":21}},"19":{"start":{"line":41,"column":2},"end":{"line":43,"column":44}},"20":{"start":{"line":42,"column":4},"end":{"line":42,"column":26}},"21":{"start":{"line":45,"column":2},"end":{"line":59,"column":15}},"22":{"start":{"line":46,"column":22},"end":{"line":57,"column":5}},"23":{"start":{"line":47,"column":6},"end":{"line":56,"column":7}},"24":{"start":{"line":48,"column":25},"end":{"line":48,"column":79}},"25":{"start":{"line":49,"column":8},"end":{"line":51,"column":9}},"26":{"start":{"line":50,"column":10},"end":{"line":50,"column":55}},"27":{"start":{"line":52,"column":25},"end":{"line":52,"column":46}},"28":{"start":{"line":53,"column":8},"end":{"line":53,"column":26}},"29":{"start":{"line":55,"column":8},"end":{"line":55,"column":30}},"30":{"start":{"line":58,"column":4},"end":{"line":58,"column":16}},"31":{"start":{"line":61,"column":2},"end":{"line":97,"column":4}},"32":{"start":{"line":80,"column":10},"end":{"line":82,"column":11}},"33":{"start":{"line":81,"column":12},"end":{"line":81,"column":66}}},"fnMap":{"0":{"name":"(anonymous_0)","decl":{"start":{"line":5,"column":33},"end":{"line":5,"column":34}},"loc":{"start":{"line":5,"column":54},"end":{"line":7,"column":1}},"line":5},"1":{"name":"(anonymous_1)","decl":{"start":{"line":9,"column":20},"end":{"line":9,"column":21}},"loc":{"start":{"line":9,"column":36},"end":{"line":98,"column":1}},"line":9},"2":{"name":"(anonymous_2)","decl":{"start":{"line":16,"column":37},"end":{"line":16,"column":38}},"loc":{"start":{"line":16,"column":49},"end":{"line":27,"column":3}},"line":16},"3":{"name":"(anonymous_3)","decl":{"start":{"line":29,"column":42},"end":{"line":29,"column":43}},"loc":{"start":{"line":29,"column":48},"end":{"line":35,"column":3}},"line":29},"4":{"name":"(anonymous_4)","decl":{"start":{"line":30,"column":30},"end":{"line":30,"column":31}},"loc":{"start":{"line":30,"column":45},"end":{"line":33,"column":5}},"line":30},"5":{"name":"(anonymous_5)","decl":{"start":{"line":37,"column":12},"end":{"line":37,"column":13}},"loc":{"start":{"line":37,"column":18},"end":{"line":39,"column":3}},"line":37},"6":{"name":"(anonymous_6)","decl":{"start":{"line":41,"column":12},"end":{"line":41,"column":13}},"loc":{"start":{"line":41,"column":18},"end":{"line":43,"column":3}},"line":41},"7":{"name":"(anonymous_7)","decl":{"start":{"line":45,"column":12},"end":{"line":45,"column":13}},"loc":{"start":{"line":45,"column":18},"end":{"line":59,"column":3}},"line":45},"8":{"name":"(anonymous_8)","decl":{"start":{"line":46,"column":22},"end":{"line":46,"column":23}},"loc":{"start":{"line":46,"column":34},"end":{"line":57,"column":5}},"line":46},"9":{"name":"(anonymous_9)","decl":{"start":{"line":79,"column":17},"end":{"line":79,"column":18}},"loc":{"start":{"line":80,"column":10},"end":{"line":82,"column":11}},"line":80},"10":{"name":"(anonymous_10)","decl":{"start":{"line":80,"column":22},"end":{"line":80,"column":23}},"loc":{"start":{"line":81,"column":12},"end":{"line":81,"column":66}},"line":81}},"branchMap":{"0":{"loc":{"start":{"line":49,"column":8},"end":{"line":51,"column":9}},"type":"if","locations":[{"start":{"line":49,"column":8},"end":{"line":51,"column":9}},{"start":{},"end":{}}],"line":49},"1":{"loc":{"start":{"line":64,"column":7},"end":{"line":73,"column":7}},"type":"cond-expr","locations":[{"start":{"line":65,"column":8},"end":{"line":68,"column":11}},{"start":{"line":70,"column":8},"end":{"line":72,"column":12}}],"line":64},"2":{"loc":{"start":{"line":66,"column":24},"end":{"line":66,"column":49}},"type":"binary-expr","locations":[{"start":{"line":66,"column":25},"end":{"line":66,"column":29}},{"start":{"line":66,"column":33},"end":{"line":66,"column":42}},{"start":{"line":66,"column":47},"end":{"line":66,"column":49}}],"line":66},"3":{"loc":{"start":{"line":67,"column":21},"end":{"line":67,"column":47}},"type":"binary-expr","locations":[{"start":{"line":67,"column":22},"end":{"line":67,"column":26}},{"start":{"line":67,"column":30},"end":{"line":67,"column":40}},{"start":{"line":67,"column":45},"end":{"line":67,"column":47}}],"line":67},"4":{"loc":{"start":{"line":81,"column":12},"end":{"line":81,"column":66}},"type":"cond-expr","locations":[{"start":{"line":81,"column":34},"end":{"line":81,"column":46}},{"start":{"line":81,"column":49},"end":{"line":81,"column":66}}],"line":81}},"s":{"0":1,"1":7,"2":1,"3":22,"4":22,"5":22,"6":22,"7":22,"8":22,"9":4,"10":4,"11":0,"12":22,"13":11,"14":7,"15":7,"16":11,"17":22,"18":4,"19":22,"20":11,"21":22,"22":4,"23":4,"24":4,"25":3,"26":0,"27":3,"28":3,"29":1,"30":4,"31":22,"32":3,"33":3},"f":{"0":7,"1":22,"2":4,"3":11,"4":7,"5":4,"6":11,"7":4,"8":4,"9":3,"10":3},"b":{"0":[0,3],"1":[21,1],"2":[21,9,12],"3":[21,9,12],"4":[0,3]},"_coverageSchema":"1a1c01bbd47fc00a2c39e90264f33305004495a9","hash":"a061e7411916e365d5653cbb530de42a2ff9520e"}
}
