TN:
SF:src/UserProfile.jsx
FN:5,(anonymous_0)
FN:9,(anonymous_1)
FN:16,(anonymous_2)
FN:29,(anonymous_3)
FN:30,(anonymous_4)
FN:37,(anonymous_5)
FN:41,(anonymous_6)
FN:45,(anonymous_7)
FN:46,(anonymous_8)
FN:79,(anonymous_9)
FN:80,(anonymous_10)
FNF:11
FNH:11
FNDA:7,(anonymous_0)
FNDA:22,(anonymous_1)
FNDA:4,(anonymous_2)
FNDA:11,(anonymous_3)
FNDA:7,(anonymous_4)
FNDA:4,(anonymous_5)
FNDA:11,(anonymous_6)
FNDA:4,(anonymous_7)
FNDA:4,(anonymous_8)
FNDA:3,(anonymous_9)
FNDA:3,(anonymous_10)
DA:5,1
DA:6,7
DA:9,1
DA:10,22
DA:11,22
DA:12,22
DA:13,22
DA:14,22
DA:16,22
DA:17,4
DA:18,4
DA:25,0
DA:29,22
DA:30,11
DA:31,7
DA:32,7
DA:34,11
DA:37,22
DA:38,4
DA:41,22
DA:42,11
DA:45,22
DA:46,4
DA:47,4
DA:48,4
DA:49,3
DA:50,0
DA:52,3
DA:53,3
DA:55,1
DA:58,4
DA:61,22
DA:80,3
DA:81,3
LF:34
LH:32
BRDA:49,0,0,0
BRDA:49,0,1,3
BRDA:64,1,0,21
BRDA:64,1,1,1
BRDA:66,2,0,21
BRDA:66,2,1,9
BRDA:66,2,2,12
BRDA:67,3,0,21
BRDA:67,3,1,9
BRDA:67,3,2,12
BRDA:81,4,0,0
BRDA:81,4,1,3
BRF:12
BRH:10
end_of_record
